<?xml version="1.0" encoding="UTF-8"?>
<testng-results skipped="0" failed="0" total="1" passed="1">
  <reporter-output>
  </reporter-output>
  <suite name="Suite" duration-ms="47" started-at="2019-04-12T12:16:33Z" finished-at="2019-04-12T12:16:33Z">
    <groups>
    </groups>
    <test name="Test" duration-ms="47" started-at="2019-04-12T12:16:33Z" finished-at="2019-04-12T12:16:33Z">
      <class name="SeleniumTest.FirstTest">
        <test-method status="PASS" signature="beforeTest()[pri:0, instance:SeleniumTest.FirstTest@36d4b5c]" name="beforeTest" is-config="true" duration-ms="16" started-at="2019-04-12T15:16:33Z" finished-at="2019-04-12T15:16:33Z">
          <reporter-output>
          </reporter-output>
        </test-method> <!-- beforeTest -->
        <test-method status="PASS" signature="f()[pri:0, instance:SeleniumTest.FirstTest@36d4b5c]" name="f" duration-ms="16" started-at="2019-04-12T15:16:33Z" finished-at="2019-04-12T15:16:33Z">
          <reporter-output>
          </reporter-output>
        </test-method> <!-- f -->
        <test-method status="PASS" signature="afterTest()[pri:0, instance:SeleniumTest.FirstTest@36d4b5c]" name="afterTest" is-config="true" duration-ms="0" started-at="2019-04-12T15:16:33Z" finished-at="2019-04-12T15:16:33Z">
          <reporter-output>
          </reporter-output>
        </test-method> <!-- afterTest -->
      </class> <!-- SeleniumTest.FirstTest -->
    </test> <!-- Test -->
  </suite> <!-- Suite -->
</testng-results>
