<?xml version="1.0" encoding="UTF-8"?>
<!-- Generated by org.testng.reporters.JUnitXMLReporter -->
<testsuite ignored="0" hostname="Anna" failures="3" tests="6" name="Testq" time="0.261" errors="0" timestamp="07 июн. 2020 09:48:35 GMT">
  <testcase classname="TestNG.Exception" name="negativeTest" time="0.047"/>
  <testcase classname="TestNG.Exception" name="negativeTestCheckText" time="0.006"/>
  <testcase classname="TestNG.Exception" name="negativeTestLikeText" time="0.009"/>
  <testcase classname="TestNG.Exception" name="negativeTestOtherText" time="0.007">
    <failure type="java.io.IOException" message="Error text doesnt match">
      <![CDATA[java.io.IOException: Error text doesnt match
	at TestNG.Exception.negativeTestOtherText(Exception.java:30)
... Removed 25 stack frames]]>
    </failure>
  </testcase> <!-- negativeTestOtherText -->
  <testcase classname="TestNG.Exception" name="negativeTestWithOtherMistake" time="0.006">
    <failure type="java.lang.NullPointerException">
      <![CDATA[java.lang.NullPointerException
	at TestNG.Exception.negativeTestWithOtherMistake(Exception.java:15)
... Removed 25 stack frames]]>
    </failure>
  </testcase> <!-- negativeTestWithOtherMistake -->
  <testcase classname="TestNG.Exception" name="positiveTest" time="0.003">
    <failure type="java.io.IOException">
      <![CDATA[java.io.IOException
	at TestNG.Exception.positiveTest(Exception.java:20)
... Removed 25 stack frames]]>
    </failure>
  </testcase> <!-- positiveTest -->
</testsuite> <!-- Testq -->
