<?xml version="1.0" encoding="UTF-8"?>
<!-- Generated by org.testng.reporters.JUnitXMLReporter -->
<testsuite ignored="1" hostname="Anna" failures="0" tests="1" name="GRID TEST WITH SERIAL EXECTION WITH BROWSER FF " time="14.5" errors="0" timestamp="2020-06-14T12:14:05 MSK">
  <testcase classname="Grid" name="mailTestLocal" time="14.488"/>
  <testcase classname="Grid" name="mailTest" time="0.0">
    <ignored/>
  </testcase> <!-- mailTest -->
</testsuite> <!-- GRID TEST WITH SERIAL EXECTION WITH BROWSER FF  -->
